# JRE version: OpenJDK Runtime Environment Zulu17.44+53-CA (17.0.8.1+1) (build 17.0.8.1+1-LTS)
# Java VM: OpenJDK 64-Bit Server VM Zulu17.44+53-CA (17.0.8.1+1-LTS, mixed mode, sharing, tiered, compressed oops, compressed class ptrs, g1 gc, windows-amd64)
GC Precious Log:
 CPUs: 16 total, 16 available
 Memory: 65449M
 Large Page Support: Disabled
 NUMA Support: Disabled
 Compressed Oops: Enabled (32-bit)
 Heap Region Size: 1M
 Heap Min Capacity: 256M
 Heap Initial Capacity: 256M
 Heap Max Capacity: 512M
 Pre-touch: Disabled
 Parallel Workers: 13
 Concurrent Workers: 3
 Concurrent Refinement Workers: 13
 Periodic GC: Disabled
Heap:
 garbage-first heap   total 262144K, used 171592K [0x00000000e0000000, 0x0000000100000000)
  region size 1024K, 72 young (73728K), 10 survivors (10240K)
 Metaspace       used 72719K, committed 73664K, reserved 393216K
  class space    used 10012K, committed 10432K, reserved 327680K
GC Heap History (20 events):
Event: 1.885 GC heap before
{Heap before GC invocations=2 (full 0):
 garbage-first heap   total 262144K, used 110577K [0x00000000e0000000, 0x0000000100000000)
  region size 1024K, 98 young (100352K), 1 survivors (1024K)
 Metaspace       used 19589K, committed 19904K, reserved 393216K
  class space    used 2848K, committed 3008K, reserved 327680K
}
Event: 1.888 GC heap after
{Heap after GC invocations=3 (full 0):
 garbage-first heap   total 262144K, used 21690K [0x00000000e0000000, 0x0000000100000000)
  region size 1024K, 12 young (12288K), 12 survivors (12288K)
 Metaspace       used 19589K, committed 19904K, reserved 393216K
  class space    used 2848K, committed 3008K, reserved 327680K
}
Event: 2.001 GC heap before
{Heap before GC invocations=3 (full 0):
 garbage-first heap   total 262144K, used 33978K [0x00000000e0000000, 0x0000000100000000)
  region size 1024K, 25 young (25600K), 12 survivors (12288K)
 Metaspace       used 21177K, committed 21504K, reserved 393216K
  class space    used 3082K, committed 3200K, reserved 327680K
}
Event: 2.005 GC heap after
{Heap after GC invocations=4 (full 0):
 garbage-first heap   total 262144K, used 22802K [0x00000000e0000000, 0x0000000100000000)
  region size 1024K, 2 young (2048K), 2 survivors (2048K)
 Metaspace       used 21177K, committed 21504K, reserved 393216K
  class space    used 3082K, committed 3200K, reserved 327680K
}
Event: 2.860 GC heap before
{Heap before GC invocations=5 (full 0):
 garbage-first heap   total 262144K, used 133394K [0x00000000e0000000, 0x0000000100000000)
  region size 1024K, 107 young (109568K), 2 survivors (2048K)
 Metaspace       used 35606K, committed 35968K, reserved 393216K
  class space    used 4866K, committed 5056K, reserved 327680K
}
Event: 2.863 GC heap after
{Heap after GC invocations=6 (full 0):
 garbage-first heap   total 262144K, used 30168K [0x00000000e0000000, 0x0000000100000000)
  region size 1024K, 9 young (9216K), 9 survivors (9216K)
 Metaspace       used 35606K, committed 35968K, reserved 393216K
  class space    used 4866K, committed 5056K, reserved 327680K
}
Event: 4.116 GC heap before
{Heap before GC invocations=7 (full 0):
 garbage-first heap   total 262144K, used 188888K [0x00000000e0000000, 0x0000000100000000)
  region size 1024K, 153 young (156672K), 9 survivors (9216K)
 Metaspace       used 48548K, committed 49088K, reserved 393216K
  class space    used 6675K, committed 6912K, reserved 327680K
}
Event: 4.122 GC heap after
{Heap after GC invocations=8 (full 0):
 garbage-first heap   total 262144K, used 52997K [0x00000000e0000000, 0x0000000100000000)
  region size 1024K, 20 young (20480K), 20 survivors (20480K)
 Metaspace       used 48548K, committed 49088K, reserved 393216K
  class space    used 6675K, committed 6912K, reserved 327680K
}
Event: 4.131 GC heap before
{Heap before GC invocations=8 (full 0):
 garbage-first heap   total 262144K, used 54021K [0x00000000e0000000, 0x0000000100000000)
  region size 1024K, 21 young (21504K), 20 survivors (20480K)
 Metaspace       used 48586K, committed 49088K, reserved 393216K
  class space    used 6681K, committed 6912K, reserved 327680K
}
Event: 4.137 GC heap after
{Heap after GC invocations=9 (full 0):
 garbage-first heap   total 262144K, used 55388K [0x00000000e0000000, 0x0000000100000000)
  region size 1024K, 3 young (3072K), 3 survivors (3072K)
 Metaspace       used 48586K, committed 49088K, reserved 393216K
  class space    used 6681K, committed 6912K, reserved 327680K
}
Event: 5.391 GC heap before
{Heap before GC invocations=9 (full 0):
 garbage-first heap   total 262144K, used 195676K [0x00000000e0000000, 0x0000000100000000)
  region size 1024K, 137 young (140288K), 3 survivors (3072K)
 Metaspace       used 58206K, committed 58944K, reserved 393216K
  class space    used 7886K, committed 8192K, reserved 327680K
}
Event: 5.395 GC heap after
{Heap after GC invocations=10 (full 0):
 garbage-first heap   total 262144K, used 69406K [0x00000000e0000000, 0x0000000100000000)
  region size 1024K, 12 young (12288K), 12 survivors (12288K)
 Metaspace       used 58206K, committed 58944K, reserved 393216K
  class space    used 7886K, committed 8192K, reserved 327680K
}
Event: 6.245 GC heap before
{Heap before GC invocations=10 (full 0):
 garbage-first heap   total 262144K, used 133918K [0x00000000e0000000, 0x0000000100000000)
  region size 1024K, 74 young (75776K), 12 survivors (12288K)
 Metaspace       used 59365K, committed 60096K, reserved 393216K
  class space    used 8073K, committed 8384K, reserved 327680K
}
Event: 6.250 GC heap after
{Heap after GC invocations=11 (full 0):
 garbage-first heap   total 262144K, used 78210K [0x00000000e0000000, 0x0000000100000000)
  region size 1024K, 7 young (7168K), 7 survivors (7168K)
 Metaspace       used 59365K, committed 60096K, reserved 393216K
  class space    used 8073K, committed 8384K, reserved 327680K
}
Event: 7.768 GC heap before
{Heap before GC invocations=12 (full 0):
 garbage-first heap   total 262144K, used 202114K [0x00000000e0000000, 0x0000000100000000)
  region size 1024K, 129 young (132096K), 7 survivors (7168K)
 Metaspace       used 66113K, committed 66944K, reserved 393216K
  class space    used 9163K, committed 9536K, reserved 327680K
}
Event: 7.773 GC heap after
{Heap after GC invocations=13 (full 0):
 garbage-first heap   total 262144K, used 89761K [0x00000000e0000000, 0x0000000100000000)
  region size 1024K, 17 young (17408K), 17 survivors (17408K)
 Metaspace       used 66113K, committed 66944K, reserved 393216K
  class space    used 9163K, committed 9536K, reserved 327680K
}
Event: 8.573 GC heap before
{Heap before GC invocations=13 (full 0):
 garbage-first heap   total 262144K, used 203425K [0x00000000e0000000, 0x0000000100000000)
  region size 1024K, 129 young (132096K), 17 survivors (17408K)
 Metaspace       used 71031K, committed 71936K, reserved 393216K
  class space    used 9905K, committed 10304K, reserved 327680K
}
Event: 8.581 GC heap after
{Heap after GC invocations=14 (full 0):
 garbage-first heap   total 262144K, used 101431K [0x00000000e0000000, 0x0000000100000000)
  region size 1024K, 12 young (12288K), 12 survivors (12288K)
 Metaspace       used 71031K, committed 71936K, reserved 393216K
  class space    used 9905K, committed 10304K, reserved 327680K
}
Event: 9.073 GC heap before
{Heap before GC invocations=14 (full 0):
 garbage-first heap   total 262144K, used 206903K [0x00000000e0000000, 0x0000000100000000)
  region size 1024K, 114 young (116736K), 12 survivors (12288K)
 Metaspace       used 71824K, committed 72768K, reserved 393216K
  class space    used 9961K, committed 10368K, reserved 327680K
}
Event: 9.078 GC heap after
{Heap after GC invocations=15 (full 0):
 garbage-first heap   total 262144K, used 109128K [0x00000000e0000000, 0x0000000100000000)
  region size 1024K, 10 young (10240K), 10 survivors (10240K)
 Metaspace       used 71824K, committed 72768K, reserved 393216K
  class space    used 9961K, committed 10368K, reserved 327680K
}

